<?xml version="1.0" encoding="UTF-8"?>
<!-- Generated by org.testng.reporters.JUnitXMLReporter -->
<testsuite hostname="Asus" ignored="0" name="Default test" tests="1" failures="0" timestamp="20 Apr 2018 14:45:57 GMT" time="0.639" errors="0">
  <testcase name="@BeforeTest isExcutable" time="0.612" classname="pom.Test.Test1">
    <skipped/>
  </testcase> <!-- @BeforeTest isExcutable -->
  <testcase name="testLogin" time="0.0" classname="pom.Test.Test1">
    <skipped/>
  </testcase> <!-- testLogin -->
</testsuite> <!-- Default test -->
